SF:lib\features\data\datasources\local\gamemark_local_data_source_impl.dart
DA:7,0
DA:8,0
DA:10,0
DA:12,0
DA:13,0
DA:18,0
DA:22,0
DA:23,0
DA:27,0
DA:28,0
DA:29,0
DA:30,0
DA:32,0
DA:37,0
DA:38,0
DA:41,0
DA:44,0
DA:45,0
DA:47,0
DA:48,0
DA:49,0
DA:51,0
DA:55,0
DA:58,0
DA:60,0
DA:61,0
DA:63,0
DA:68,0
DA:72,0
LF:29
LH:0
end_of_record
SF:lib\core\error\failures.dart
DA:4,1
DA:5,1
LF:2
LH:2
end_of_record
SF:lib\features\data\models\game_model.dart
DA:4,2
DA:8,2
DA:14,0
DA:15,0
DA:16,0
DA:17,0
DA:18,0
DA:22,1
DA:23,1
DA:24,1
DA:25,1
DA:26,1
LF:12
LH:7
end_of_record
SF:lib\features\domain\entities\game.dart
DA:8,4
DA:14,0
DA:15,0
LF:3
LH:1
end_of_record
SF:lib\features\data\repositories\game_repository_impl.dart
DA:8,1
DA:12,1
DA:15,3
DA:16,1
DA:17,2
LF:5
LH:5
end_of_record
SF:lib\features\domain\entities\user_game.dart
DA:11,1
DA:19,0
DA:20,0
LF:3
LH:1
end_of_record
SF:lib\features\domain\usecases\get_game.dart
DA:8,1
DA:10,1
DA:11,2
LF:3
LH:3
end_of_record
SF:lib\features\domain\usecases\get_user_game.dart
DA:8,1
DA:10,1
DA:11,2
LF:3
LH:3
end_of_record
