SF:lib\core\error\failures.dart
DA:4,1
DA:5,1
LF:2
LH:2
end_of_record
SF:lib\features\data\datasources\local\db\database_helper.dart
DA:6,3
DA:8,2
DA:10,1
DA:11,1
DA:16,1
DA:17,1
DA:21,1
DA:22,1
DA:24,2
DA:26,1
DA:28,1
DA:33,1
DA:34,1
DA:37,1
DA:38,1
DA:39,1
DA:42,1
DA:43,1
DA:45,2
DA:46,1
DA:48,1
LF:21
LH:21
end_of_record
SF:lib\features\data\datasources\local\gamemark_local_data_source_impl.dart
DA:7,1
DA:9,1
DA:12,2
DA:14,1
DA:15,4
DA:16,1
DA:18,1
DA:22,1
DA:25,2
DA:27,1
LF:10
LH:10
end_of_record
SF:lib\features\data\models\game_model.dart
DA:4,3
DA:8,3
DA:14,1
DA:15,1
DA:16,1
DA:17,1
DA:18,1
DA:22,2
DA:23,2
DA:24,2
DA:25,2
DA:26,2
LF:12
LH:12
end_of_record
SF:lib\features\domain\entities\game.dart
DA:8,5
DA:14,1
DA:15,4
LF:3
LH:3
end_of_record
SF:lib\features\data\repositories\game_repository_impl.dart
DA:8,1
DA:12,1
DA:15,3
DA:16,1
DA:17,2
DA:21,0
DA:24,0
DA:25,0
DA:26,0
LF:9
LH:5
end_of_record
SF:lib\features\domain\entities\user_game.dart
DA:11,1
DA:19,0
DA:20,0
LF:3
LH:1
end_of_record
SF:lib\features\domain\usecases\get_game.dart
DA:8,1
DA:10,1
DA:11,2
LF:3
LH:3
end_of_record
SF:lib\features\domain\usecases\get_user_game.dart
DA:8,1
DA:10,1
DA:11,2
LF:3
LH:3
end_of_record
